# JRE version: Java(TM) SE Runtime Environment (8.0_261-b12) (build 1.8.0_261-b12)
# Java VM: Java HotSpot(TM) 64-Bit Server VM (25.261-b12 mixed mode bsd-amd64 compressed oops)
Heap:
 PSYoungGen      total 667136K, used 31723K [0x0000000795580000, 0x00000007c0000000, 0x00000007c0000000)
  eden space 635392K, 0% used [0x0000000795580000,0x0000000795580000,0x00000007bc200000)
  from space 31744K, 99% used [0x00000007bc200000,0x00000007be0faee8,0x00000007be100000)
  to   space 31744K, 0% used [0x00000007be100000,0x00000007be100000,0x00000007c0000000)
 ParOldGen       total 105984K, used 104063K [0x0000000740000000, 0x0000000746780000, 0x0000000795580000)
  object space 105984K, 98% used [0x0000000740000000,0x000000074659fc30,0x0000000746780000)
 Metaspace       used 34312K, capacity 34701K, committed 35200K, reserved 1081344K
  class space    used 3758K, capacity 3856K, committed 3968K, reserved 1048576K
GC Heap History (10 events):
Event: 49.205 GC heap after
Heap after GC invocations=22 (full 1):
 PSYoungGen      total 589824K, used 18803K [0x0000000795580000, 0x00000007be800000, 0x00000007c0000000)
  eden space 568832K, 0% used [0x0000000795580000,0x0000000795580000,0x00000007b8100000)
  from space 20992K, 89% used [0x00000007b8100000,0x00000007b935cf90,0x00000007b9580000)
  to   space 22528K, 0% used [0x00000007bd200000,0x00000007bd200000,0x00000007be800000)
 ParOldGen       total 86528K, used 47528K [0x0000000740000000, 0x0000000745480000, 0x0000000795580000)
  object space 86528K, 54% used [0x0000000740000000,0x0000000742e6a0b0,0x0000000745480000)
 Metaspace       used 30713K, capacity 30985K, committed 31360K, reserved 1077248K
  class space    used 3558K, capacity 3637K, committed 3712K, reserved 1048576K
}
Event: 53.095 GC heap before
{Heap before GC invocations=23 (full 1):
 PSYoungGen      total 589824K, used 587635K [0x0000000795580000, 0x00000007be800000, 0x00000007c0000000)
  eden space 568832K, 100% used [0x0000000795580000,0x00000007b8100000,0x00000007b8100000)
  from space 20992K, 89% used [0x00000007b8100000,0x00000007b935cf90,0x00000007b9580000)
  to   space 22528K, 0% used [0x00000007bd200000,0x00000007bd200000,0x00000007be800000)
 ParOldGen       total 86528K, used 47528K [0x0000000740000000, 0x0000000745480000, 0x0000000795580000)
  object space 86528K, 54% used [0x0000000740000000,0x0000000742e6a0b0,0x0000000745480000)
 Metaspace       used 30768K, capacity 31049K, committed 31360K, reserved 1077248K
  class space    used 3562K, capacity 3637K, committed 3712K, reserved 1048576K
Event: 53.129 GC heap after
Heap after GC invocations=23 (full 1):
 PSYoungGen      total 650752K, used 18549K [0x0000000795580000, 0x00000007beb80000, 0x00000007c0000000)
  eden space 628224K, 0% used [0x0000000795580000,0x0000000795580000,0x00000007bbb00000)
  from space 22528K, 82% used [0x00000007bd200000,0x00000007be41d760,0x00000007be800000)
  to   space 23552K, 0% used [0x00000007bbb00000,0x00000007bbb00000,0x00000007bd200000)
 ParOldGen       total 86528K, used 47536K [0x0000000740000000, 0x0000000745480000, 0x0000000795580000)
  object space 86528K, 54% used [0x0000000740000000,0x0000000742e6c0b0,0x0000000745480000)
 Metaspace       used 30768K, capacity 31049K, committed 31360K, reserved 1077248K
  class space    used 3562K, capacity 3637K, committed 3712K, reserved 1048576K
}
Event: 55.656 GC heap before
{Heap before GC invocations=24 (full 1):
 PSYoungGen      total 650752K, used 646773K [0x0000000795580000, 0x00000007beb80000, 0x00000007c0000000)
  eden space 628224K, 100% used [0x0000000795580000,0x00000007bbb00000,0x00000007bbb00000)
  from space 22528K, 82% used [0x00000007bd200000,0x00000007be41d760,0x00000007be800000)
  to   space 23552K, 0% used [0x00000007bbb00000,0x00000007bbb00000,0x00000007bd200000)
 ParOldGen       total 86528K, used 47536K [0x0000000740000000, 0x0000000745480000, 0x0000000795580000)
  object space 86528K, 54% used [0x0000000740000000,0x0000000742e6c0b0,0x0000000745480000)
 Metaspace       used 30798K, capacity 31113K, committed 31360K, reserved 1077248K
  class space    used 3562K, capacity 3637K, committed 3712K, reserved 1048576K
Event: 55.676 GC heap after
Heap after GC invocations=24 (full 1):
 PSYoungGen      total 651776K, used 18757K [0x0000000795580000, 0x00000007c0000000, 0x00000007c0000000)
  eden space 628224K, 0% used [0x0000000795580000,0x0000000795580000,0x00000007bbb00000)
  from space 23552K, 79% used [0x00000007bbb00000,0x00000007bcd51468,0x00000007bd200000)
  to   space 24064K, 0% used [0x00000007be880000,0x00000007be880000,0x00000007c0000000)
 ParOldGen       total 86528K, used 47544K [0x0000000740000000, 0x0000000745480000, 0x0000000795580000)
  object space 86528K, 54% used [0x0000000740000000,0x0000000742e6e0b0,0x0000000745480000)
 Metaspace       used 30798K, capacity 31113K, committed 31360K, reserved 1077248K
  class space    used 3562K, capacity 3637K, committed 3712K, reserved 1048576K
}
Event: 62.252 GC heap before
{Heap before GC invocations=25 (full 1):
 PSYoungGen      total 651776K, used 646981K [0x0000000795580000, 0x00000007c0000000, 0x00000007c0000000)
  eden space 628224K, 100% used [0x0000000795580000,0x00000007bbb00000,0x00000007bbb00000)
  from space 23552K, 79% used [0x00000007bbb00000,0x00000007bcd51468,0x00000007bd200000)
  to   space 24064K, 0% used [0x00000007be880000,0x00000007be880000,0x00000007c0000000)
 ParOldGen       total 86528K, used 47544K [0x0000000740000000, 0x0000000745480000, 0x0000000795580000)
  object space 86528K, 54% used [0x0000000740000000,0x0000000742e6e0b0,0x0000000745480000)
 Metaspace       used 34169K, capacity 34567K, committed 34944K, reserved 1081344K
  class space    used 3756K, capacity 3855K, committed 3968K, reserved 1048576K
Event: 62.287 GC heap after
Heap after GC invocations=25 (full 1):
 PSYoungGen      total 659456K, used 24055K [0x0000000795580000, 0x00000007c0000000, 0x00000007c0000000)
  eden space 635392K, 0% used [0x0000000795580000,0x0000000795580000,0x00000007bc200000)
  from space 24064K, 99% used [0x00000007be880000,0x00000007bfffdd30,0x00000007c0000000)
  to   space 31744K, 0% used [0x00000007bc200000,0x00000007bc200000,0x00000007be100000)
 ParOldGen       total 86528K, used 60549K [0x0000000740000000, 0x0000000745480000, 0x0000000795580000)
  object space 86528K, 69% used [0x0000000740000000,0x0000000743b21758,0x0000000745480000)
 Metaspace       used 34169K, capacity 34567K, committed 34944K, reserved 1081344K
  class space    used 3756K, capacity 3855K, committed 3968K, reserved 1048576K
}
Event: 65.618 GC heap before
{Heap before GC invocations=26 (full 1):
 PSYoungGen      total 659456K, used 659447K [0x0000000795580000, 0x00000007c0000000, 0x00000007c0000000)
  eden space 635392K, 100% used [0x0000000795580000,0x00000007bc200000,0x00000007bc200000)
  from space 24064K, 99% used [0x00000007be880000,0x00000007bfffdd30,0x00000007c0000000)
  to   space 31744K, 0% used [0x00000007bc200000,0x00000007bc200000,0x00000007be100000)
 ParOldGen       total 86528K, used 60549K [0x0000000740000000, 0x0000000745480000, 0x0000000795580000)
  object space 86528K, 69% used [0x0000000740000000,0x0000000743b21758,0x0000000745480000)
 Metaspace       used 34312K, capacity 34701K, committed 35200K, reserved 1081344K
  class space    used 3758K, capacity 3856K, committed 3968K, reserved 1048576K
Event: 65.728 GC heap after
Heap after GC invocations=26 (full 1):
 PSYoungGen      total 667136K, used 31723K [0x0000000795580000, 0x00000007c0000000, 0x00000007c0000000)
  eden space 635392K, 0% used [0x0000000795580000,0x0000000795580000,0x00000007bc200000)
  from space 31744K, 99% used [0x00000007bc200000,0x00000007be0faee8,0x00000007be100000)
  to   space 31744K, 0% used [0x00000007be100000,0x00000007be100000,0x00000007c0000000)
 ParOldGen       total 105984K, used 104063K [0x0000000740000000, 0x0000000746780000, 0x0000000795580000)
  object space 105984K, 98% used [0x0000000740000000,0x000000074659fc30,0x0000000746780000)
 Metaspace       used 34312K, capacity 34701K, committed 35200K, reserved 1081344K
  class space    used 3758K, capacity 3856K, committed 3968K, reserved 1048576K
}
Event: 65.728 GC heap before
{Heap before GC invocations=27 (full 2):
 PSYoungGen      total 667136K, used 31723K [0x0000000795580000, 0x00000007c0000000, 0x00000007c0000000)
  eden space 635392K, 0% used [0x0000000795580000,0x0000000795580000,0x00000007bc200000)
  from space 31744K, 99% used [0x00000007bc200000,0x00000007be0faee8,0x00000007be100000)
  to   space 31744K, 0% used [0x00000007be100000,0x00000007be100000,0x00000007c0000000)
 ParOldGen       total 105984K, used 104063K [0x0000000740000000, 0x0000000746780000, 0x0000000795580000)
  object space 105984K, 98% used [0x0000000740000000,0x000000074659fc30,0x0000000746780000)
 Metaspace       used 34312K, capacity 34701K, committed 35200K, reserved 1081344K
  class space    used 3758K, capacity 3856K, committed 3968K, reserved 1048576K

